 Server                         AverageCPU Day         Hour  AverageSessions 
 ------------------------------ ---------- ----------- ----- --------------- 
 c151dbp06                             2.2          24 20:00               0 
 c151dbp06pgs                         17.7          26 23:00               0 
 c151dbp07                             0.6          26 19:00               0 
 c151dbp07                             0.6          27 20:00               0 
 c151dbp07                             0.6          27 21:00               0 
 c151dbp07                             0.6          25 23:00               0 
 c151dbp07                             0.6          26 23:00               0 
 c151dbp07                             0.6          27 23:00               0 
 c151dbp07                             0.6          28 23:00               0 
 c151dbp07pgs                          1.1          28 19:00               0 
 g151dbr07                            15.8          28 20:00               0 
 ivrdb1r                              83.3          22 19:00               0 
 v151db20                              9.6          24 23:00               0 
 v151db20                              9.6          25 23:00               0 
 v151db20                              9.6          26 23:00               0 
 v151dbp01ivr                         30.1          22 19:00               0 
 v151dbp01mob                          0.2          23 19:00               0 
 v151dbp01mob                          0.2          28 19:00               0 
 v151dbp01mob                          0.2          23 20:00               0 
 v151dbp01mob                          0.2          28 20:00               0 
 v151dbp01mob                          0.2          28 21:00               0 
 v151dbp01mob                          0.2          23 22:00               0 
 v151dbp01mob                          0.2          28 22:00               0 
 v151dbp01mob                          0.2          23 23:00               0 
 v151dbp01mob                          0.2          28 23:00               0 
 v151dbp02mob                          1.7          24 21:00               0 
 v151dbp03ivr                         20.0          24 23:00               0 
 v151dbp03msa                          4.2          28 22:00               0 
 v151dbp03msa                          4.2          28 23:00               0 
 v151dbp05ivr                          1.5          24 21:00               0 
 v151dbp05ivr                          1.5          25 21:00               0 
 w151dbp01                            36.1          28 21:00               0 
 w151dbp02                             8.0          23 21:00               0 
 w151dbp04                             3.0          28 21:00               0 
 w151dbp05                             1.1          22 22:00               0 
 w151dbp06                             1.0          24 22:00               0 
 w151dbp06                             1.0          25 22:00               0 
 w151dbp07                            40.1          28 21:00               0 
 w151dbr01                            19.2          23 21:00               0 
 w151dbr02                            23.9          23 21:00               0 
 webdb0r                              86.9          28 20:00               0 
(return status = 0)
 Server                         MAXEngine       TimeString                 
 ------------------------------ --------------- -------------------------- 
 c151dbp06                                11.20        Oct 24 2012  8:05PM 
 c151dbp06pgs                             22.50        Oct 23 2012  9:55PM 
 c151dbp07                                 1.10        Oct 23 2012  6:55AM 
 c151dbp07                                 1.10        Oct 23 2012  9:50PM 
 c151dbp07                                 1.10        Oct 24 2012  8:30PM 
 c151dbp07                                 1.10        Oct 25 2012  4:45PM 
 c151dbp07                                 1.10        Oct 26 2012  9:10AM 
 c151dbp07                                 1.10        Oct 26 2012  9:20AM 
 c151dbp07                                 1.10        Oct 26 2012  7:10PM 
 c151dbp07                                 1.10        Oct 26 2012 10:30PM 
 c151dbp07                                 1.10        Oct 27 2012  2:05AM 
 c151dbp07                                 1.10        Oct 28 2012 12:10AM 
 c151dbp07                                 1.10        Oct 28 2012  1:35AM 
 c151dbp07                                 1.10        Oct 28 2012  2:05AM 
 c151dbp07                                 1.10        Oct 28 2012  2:30AM 
 c151dbp07                                 1.10        Oct 28 2012  3:50AM 
 c151dbp07                                 1.10        Oct 28 2012  6:45AM 
 c151dbp07                                 1.10        Oct 28 2012  7:20AM 
 c151dbp07                                 1.10        Oct 28 2012  9:55AM 
 c151dbp07                                 1.10        Oct 28 2012  4:45PM 
 c151dbp07                                 1.10        Oct 28 2012  4:55PM 
 c151dbp07                                 1.10        Oct 28 2012  5:00PM 
 c151dbp07                                 1.10        Oct 28 2012  5:45PM 
 c151dbp07                                 1.10        Oct 28 2012 11:00PM 
 c151dbp07                                 1.10        Oct 28 2012 11:50PM 
 c151dbp07pgs                              4.50        Oct 25 2012  3:05AM 
 c151dbp07pgs                              4.50        Oct 28 2012  7:45PM 
 g151dbr07                                26.00        Oct 25 2012 10:25PM 
 ivrdb1r                                  96.30        Oct 24 2012  7:40PM 
 v151db20                                 11.90        Oct 24 2012 11:35PM 
 v151dbp01ivr                             55.00        Oct 22 2012  6:45AM 
 v151dbp01ivr                             55.00        Oct 28 2012  7:10PM 
 v151dbp01mob                              0.60        Oct 23 2012  7:50AM 
 v151dbp01mob                              0.60        Oct 23 2012 10:55PM 
 v151dbp01mob                              0.60        Oct 24 2012  8:05PM 
 v151dbp01mob                              0.60        Oct 25 2012  4:10PM 
 v151dbp01mob                              0.60        Oct 26 2012  1:25AM 
 v151dbp01mob                              0.60        Oct 26 2012  4:10PM 
 v151dbp01mob                              0.60        Oct 27 2012  5:10AM 
 v151dbp01mob                              0.60        Oct 27 2012  9:00AM 
 v151dbp01mob                              0.60        Oct 27 2012  4:10PM 
 v151dbp01mob                              0.60        Oct 27 2012  5:35PM 
 v151dbp01mob                              0.60        Oct 28 2012  4:50AM 
 v151dbp01mob                              0.60        Oct 28 2012  4:45PM 
 v151dbp01mob                              0.60        Oct 28 2012  4:50PM 
 v151dbp02mob                              5.50        Oct 24 2012  9:05PM 
 v151dbp03ivr                             26.30        Oct 27 2012  8:55PM 
 v151dbp03msa                              5.60        Oct 27 2012  8:35AM 
 v151dbp03msa                              5.60        Oct 27 2012  9:15AM 
 v151dbp03msa                              5.60        Oct 28 2012  8:55AM 
 v151dbp03msa                              5.60        Oct 28 2012  8:55PM 
 v151dbp05ivr                              2.20        Oct 22 2012 10:15AM 
 v151dbp05ivr                              2.20        Oct 26 2012  9:10PM 
 v151dbp05mob                              0.10        Oct 22 2012  2:45AM 
 v151dbp05mob                              0.10        Oct 22 2012  7:05AM 
 v151dbp05mob                              0.10        Oct 22 2012  7:20AM 
 v151dbp05mob                              0.10        Oct 22 2012  7:45AM 
 v151dbp05mob                              0.10        Oct 22 2012 10:50AM 
 v151dbp05mob                              0.10        Oct 22 2012 11:05AM 
 v151dbp05mob                              0.10        Oct 22 2012 11:20AM 
 v151dbp05mob                              0.10        Oct 22 2012 11:40AM 
 v151dbp05mob                              0.10        Oct 22 2012 11:45AM 
 v151dbp05mob                              0.10        Oct 22 2012 12:40PM 
 v151dbp05mob                              0.10        Oct 22 2012  1:15PM 
 v151dbp05mob                              0.10        Oct 22 2012  1:55PM 
 v151dbp05mob                              0.10        Oct 22 2012  4:00PM 
 v151dbp05mob                              0.10        Oct 22 2012  4:05PM 
 v151dbp05mob                              0.10        Oct 22 2012  9:15PM 
 v151dbp05mob                              0.10        Oct 23 2012  1:00AM 
 v151dbp05mob                              0.10        Oct 23 2012  6:10AM 
 v151dbp05mob                              0.10        Oct 23 2012 10:40AM 
 v151dbp05mob                              0.10        Oct 23 2012 11:45AM 
 v151dbp05mob                              0.10        Oct 23 2012  2:50PM 
 v151dbp05mob                              0.10        Oct 23 2012  3:15PM 
 v151dbp05mob                              0.10        Oct 23 2012  7:55PM 
 v151dbp05mob                              0.10        Oct 23 2012  8:40PM 
 v151dbp05mob                              0.10        Oct 23 2012  9:55PM 
 v151dbp05mob                              0.10        Oct 24 2012  1:35AM 
 v151dbp05mob                              0.10        Oct 24 2012  1:55AM 
 v151dbp05mob                              0.10        Oct 24 2012  2:50AM 
 v151dbp05mob                              0.10        Oct 24 2012  4:20AM 
 v151dbp05mob                              0.10        Oct 24 2012  6:15AM 
 v151dbp05mob                              0.10        Oct 24 2012  9:35AM 
 v151dbp05mob                              0.10        Oct 24 2012 11:00AM 
 v151dbp05mob                              0.10        Oct 24 2012  1:50PM 
 v151dbp05mob                              0.10        Oct 24 2012  2:10PM 
 v151dbp05mob                              0.10        Oct 24 2012  3:40PM 
 v151dbp05mob                              0.10        Oct 25 2012  5:45AM 
 v151dbp05mob                              0.10        Oct 25 2012 11:00AM 
 v151dbp05mob                              0.10        Oct 25 2012  6:35PM 
 v151dbp05mob                              0.10        Oct 25 2012  7:55PM 
 v151dbp05mob                              0.10        Oct 25 2012  9:05PM 
 v151dbp05mob                              0.10        Oct 25 2012  9:25PM 
 v151dbp05mob                              0.10        Oct 25 2012  9:40PM 
 v151dbp05mob                              0.10        Oct 25 2012  9:45PM 
 v151dbp05mob                              0.10        Oct 25 2012  9:50PM 
 v151dbp05mob                              0.10        Oct 25 2012 10:40PM 
 v151dbp05mob                              0.10        Oct 26 2012  7:15AM 
 v151dbp05mob                              0.10        Oct 26 2012 12:10PM 
 v151dbp05mob                              0.10        Oct 26 2012 12:30PM 
 v151dbp05mob                              0.10        Oct 26 2012  5:10PM 
 v151dbp05mob                              0.10        Oct 26 2012  5:30PM 
 v151dbp05mob                              0.10        Oct 26 2012 11:35PM 
 v151dbp05mob                              0.10        Oct 27 2012  1:35AM 
 v151dbp05mob                              0.10        Oct 27 2012  6:50AM 
 v151dbp05mob                              0.10        Oct 27 2012 11:05AM 
 v151dbp05mob                              0.10        Oct 27 2012 11:50AM 
 v151dbp05mob                              0.10        Oct 27 2012 12:35PM 
 v151dbp05mob                              0.10        Oct 27 2012  6:45PM 
 v151dbp05mob                              0.10        Oct 27 2012  7:00PM 
 v151dbp05mob                              0.10        Oct 27 2012  7:10PM 
 v151dbp05mob                              0.10        Oct 27 2012  7:20PM 
 v151dbp05mob                              0.10        Oct 27 2012  7:30PM 
 v151dbp05mob                              0.10        Oct 27 2012  7:45PM 
 v151dbp05mob                              0.10        Oct 27 2012  8:20PM 
 v151dbp05mob                              0.10        Oct 27 2012 11:10PM 
 v151dbp05mob                              0.10        Oct 28 2012 12:05AM 
 v151dbp05mob                              0.10        Oct 28 2012 12:25AM 
 v151dbp05mob                              0.10        Oct 28 2012  1:00AM 
 v151dbp05mob                              0.10        Oct 28 2012  1:05AM 
 v151dbp05mob                              0.10        Oct 28 2012  1:15AM 
 v151dbp05mob                              0.10        Oct 28 2012  1:20AM 
 v151dbp05mob                              0.10        Oct 28 2012  1:25AM 
 v151dbp05mob                              0.10        Oct 28 2012  6:00AM 
 v151dbp05mob                              0.10        Oct 28 2012  6:30AM 
 v151dbp05mob                              0.10        Oct 28 2012  8:50AM 
 v151dbp05mob                              0.10        Oct 28 2012 11:00AM 
 v151dbp05mob                              0.10        Oct 28 2012  2:05PM 
 v151dbp05mob                              0.10        Oct 28 2012  2:15PM 
 v151dbp05mob                              0.10        Oct 28 2012  2:25PM 
 v151dbp05mob                              0.10        Oct 28 2012  5:20PM 
 v151dbp05mob                              0.10        Oct 28 2012  7:55PM 
 v151dbp05mob                              0.10        Oct 28 2012  8:00PM 
 w151dbp01                                38.90        Oct 28 2012  9:35PM 
 w151dbp02                                10.30        Oct 23 2012  9:55PM 
 w151dbp04                                 3.50        Oct 23 2012 10:30AM 
 w151dbp04                                 3.50        Oct 24 2012 12:20AM 
 w151dbp04                                 3.50        Oct 25 2012 10:45AM 
 w151dbp04                                 3.50        Oct 28 2012  9:50PM 
 w151dbp05                                 1.30        Oct 22 2012  5:25AM 
 w151dbp05                                 1.30        Oct 22 2012 10:15PM 
 w151dbp05                                 1.30        Oct 22 2012 10:30PM 
 w151dbp05                                 1.30        Oct 24 2012  5:50AM 
 w151dbp05                                 1.30        Oct 24 2012 10:35PM 
 w151dbp05                                 1.30        Oct 25 2012  1:20AM 
 w151dbp05                                 1.30        Oct 25 2012  5:20AM 
 w151dbp05                                 1.30        Oct 25 2012  7:50AM 
 w151dbp05                                 1.30        Oct 27 2012  5:25AM 
 w151dbp05                                 1.30        Oct 27 2012  1:30PM 
 w151dbp06                                 3.70        Oct 25 2012 10:25PM 
 w151dbp07                                45.90        Oct 25 2012 10:25PM 
 w151dbr01                                26.60        Oct 25 2012 10:25PM 
 w151dbr02                                29.30        Oct 23 2012  9:35PM 
 webdb0r                                  99.70        Oct 28 2012  5:30PM 
 webdb0r                                  99.70        Oct 28 2012  8:40PM 
(return status = 0)
